<?xml version="1.0" encoding="UTF-8"?>
<testng-results ignored="0" total="1" passed="1" failed="0" skipped="0">
  <reporter-output>
  </reporter-output>
  <suite started-at="2021-07-01T13:34:51Z" name="Default suite" finished-at="2021-07-01T13:34:55Z" duration-ms="3535">
    <groups>
    </groups>
    <test started-at="2021-07-01T13:34:51Z" name="Default test" finished-at="2021-07-01T13:34:55Z" duration-ms="3535">
      <class name="POST">
        <test-method signature="Test_02_POST()[pri:0, instance:POST@2812b107]" started-at="2021-07-01T13:34:51Z" name="Test_02_POST" finished-at="2021-07-01T13:34:55Z" duration-ms="3494" status="PASS">
          <reporter-output>
          </reporter-output>
        </test-method> <!-- Test_02_POST -->
      </class> <!-- POST -->
    </test> <!-- Default test -->
  </suite> <!-- Default suite -->
</testng-results>
